<?xml version="1.0" encoding="UTF-8"?>
<!-- Generated by org.testng.reporters.JUnitReportReporter -->
<testsuite hostname="DESKTOP-DULL1IJ" failures="2" tests="19" name="org.example.runners.TestRunner" time="367.372" errors="2" timestamp="2022-11-15T23:32:01 EET" skipped="0">
  <testcase classname="org.example.runners.TestRunner" name="runScenario" time="17.017"/>
  <system-out/>
  <testcase classname="org.example.runners.TestRunner" name="runScenario" time="18.072"/>
  <system-out/>
  <testcase classname="org.example.runners.TestRunner" name="runScenario" time="17.920"/>
  <system-out/>
  <testcase classname="org.example.runners.TestRunner" name="runScenario" time="13.626"/>
  <system-out/>
  <testcase classname="org.example.runners.TestRunner" name="runScenario" time="33.060">
    <error message="no such element: Unable to locate element: {&quot;method&quot;:&quot;xpath&quot;,&quot;selector&quot;:&quot;//a[@href=&quot;/logout&quot;]&quot;}
  (Session info: chrome=107.0.5304.88)
For documentation on this error, please visit: https://selenium.dev/exceptions/#no_such_element
Build info: version: &#039;4.6.0&#039;, revision: &#039;79f1c02ae20&#039;
System info: os.name: &#039;Windows 10&#039;, os.arch: &#039;amd64&#039;, os.version: &#039;10.0&#039;, java.version: &#039;19.0.1&#039;
Driver info: org.openqa.selenium.chrome.ChromeDriver
Command: [d61b3425d133955e42cede157ccd6404, findElement {using=xpath, value=//a[@href=&quot;/logout&quot;]}]
Capabilities {acceptInsecureCerts: false, browserName: chrome, browserVersion: 107.0.5304.88, chrome: {chromedriverVersion: 107.0.5304.62 (1eec40d3a576..., userDataDir: C:\Users\Toshiba\AppData\Lo...}, goog:chromeOptions: {debuggerAddress: localhost:52385}, networkConnectionEnabled: false, pageLoadStrategy: normal, platformName: WINDOWS, proxy: Proxy(), se:cdp: ws://localhost:52385/devtoo..., se:cdpVersion: 107.0.5304.88, setWindowRect: true, strictFileInteractability: false, timeouts: {implicit: 0, pageLoad: 300000, script: 30000}, unhandledPromptBehavior: dismiss and notify, webauthn:extension:credBlob: true, webauthn:extension:largeBlob: true, webauthn:virtualAuthenticators: true}
Session ID: d61b3425d133955e42cede157ccd6404" type="org.openqa.selenium.NoSuchElementException">
      <![CDATA[org.openqa.selenium.NoSuchElementException: no such element: Unable to locate element: {"method":"xpath","selector":"//a[@href="/logout"]"}
  (Session info: chrome=107.0.5304.88)
For documentation on this error, please visit: https://selenium.dev/exceptions/#no_such_element
Build info: version: '4.6.0', revision: '79f1c02ae20'
System info: os.name: 'Windows 10', os.arch: 'amd64', os.version: '10.0', java.version: '19.0.1'
Driver info: org.openqa.selenium.chrome.ChromeDriver
Command: [d61b3425d133955e42cede157ccd6404, findElement {using=xpath, value=//a[@href="/logout"]}]
Capabilities {acceptInsecureCerts: false, browserName: chrome, browserVersion: 107.0.5304.88, chrome: {chromedriverVersion: 107.0.5304.62 (1eec40d3a576..., userDataDir: C:\Users\Toshiba\AppData\Lo...}, goog:chromeOptions: {debuggerAddress: localhost:52385}, networkConnectionEnabled: false, pageLoadStrategy: normal, platformName: WINDOWS, proxy: Proxy(), se:cdp: ws://localhost:52385/devtoo..., se:cdpVersion: 107.0.5304.88, setWindowRect: true, strictFileInteractability: false, timeouts: {implicit: 0, pageLoad: 300000, script: 30000}, unhandledPromptBehavior: dismiss and notify, webauthn:extension:credBlob: true, webauthn:extension:largeBlob: true, webauthn:virtualAuthenticators: true}
Session ID: d61b3425d133955e42cede157ccd6404
at java.base/jdk.internal.reflect.DirectConstructorHandleAccessor.newInstance(DirectConstructorHandleAccessor.java:67)
at java.base/java.lang.reflect.Constructor.newInstanceWithCaller(Constructor.java:500)
at java.base/java.lang.reflect.Constructor.newInstance(Constructor.java:484)
at org.openqa.selenium.remote.codec.w3c.W3CHttpResponseCodec.createException(W3CHttpResponseCodec.java:200)
at org.openqa.selenium.remote.codec.w3c.W3CHttpResponseCodec.decode(W3CHttpResponseCodec.java:133)
at org.openqa.selenium.remote.codec.w3c.W3CHttpResponseCodec.decode(W3CHttpResponseCodec.java:53)
at org.openqa.selenium.remote.HttpCommandExecutor.execute(HttpCommandExecutor.java:184)
at org.openqa.selenium.remote.service.DriverCommandExecutor.invokeExecute(DriverCommandExecutor.java:167)
at org.openqa.selenium.remote.service.DriverCommandExecutor.execute(DriverCommandExecutor.java:142)
at org.openqa.selenium.remote.RemoteWebDriver.execute(RemoteWebDriver.java:541)
at org.openqa.selenium.remote.ElementLocation$ElementFinder$2.findElement(ElementLocation.java:162)
at org.openqa.selenium.remote.ElementLocation.findElement(ElementLocation.java:60)
at org.openqa.selenium.remote.RemoteWebDriver.findElement(RemoteWebDriver.java:365)
at org.openqa.selenium.remote.RemoteWebDriver.findElement(RemoteWebDriver.java:357)
at org.example.pages.P02_Login_Page.LogOutIsEnabled(P02_Login_Page.java:39)
at org.example.stepDefinations.S02_loginStepDefinition.userIsLoggedInSuccessfully(S02_loginStepDefinition.java:33)
at ✽.user is logged in successfully(file:///D:/E-CommerceAutomationProject/src/main/resources/features/F02_Login.feature:8)
]]>
    </error>
  </testcase> <!-- runScenario -->
  <system-out/>
  <testcase classname="org.example.runners.TestRunner" name="runScenario" time="14.910"/>
  <system-out/>
  <testcase classname="org.example.runners.TestRunner" name="runScenario" time="18.461"/>
  <system-out/>
  <testcase classname="org.example.runners.TestRunner" name="runScenario" time="12.744">
    <failure message="nokia page isn&#039;t opened after clicking on 1st slider expected [https://demo.nopcommerce.com/nokia-lumia-1020] but found [https://demo.nopcommerce.com/]" type="java.lang.AssertionError">
      <![CDATA[java.lang.AssertionError: nokia page isn't opened after clicking on 1st slider expected [https://demo.nopcommerce.com/nokia-lumia-1020] but found [https://demo.nopcommerce.com/]
at org.testng.Assert.fail(Assert.java:110)
at org.testng.Assert.failNotEquals(Assert.java:1413)
at org.testng.Assert.assertEqualsImpl(Assert.java:149)
at org.testng.Assert.assertEquals(Assert.java:131)
at org.testng.Assert.assertEquals(Assert.java:655)
at org.example.stepDefinations.S06_homeSlidersStepDefinition.thePageOfTheProductWillOpenNOKIA(S06_homeSlidersStepDefinition.java:20)
at ✽.the page of the product will open ( NOKIA)(file:///D:/E-CommerceAutomationProject/src/main/resources/features/F06_homeSliders.feature:7)
]]>
    </failure>
  </testcase> <!-- runScenario -->
  <system-out/>
  <testcase classname="org.example.runners.TestRunner" name="runScenario" time="18.055">
    <failure message="iphone page isn&#039;t opened after clicking on 2nd slider expected [https://demo.nopcommerce.com/iphone] but found [https://demo.nopcommerce.com/]" type="java.lang.AssertionError">
      <![CDATA[java.lang.AssertionError: iphone page isn't opened after clicking on 2nd slider expected [https://demo.nopcommerce.com/iphone] but found [https://demo.nopcommerce.com/]
at org.testng.Assert.fail(Assert.java:110)
at org.testng.Assert.failNotEquals(Assert.java:1413)
at org.testng.Assert.assertEqualsImpl(Assert.java:149)
at org.testng.Assert.assertEquals(Assert.java:131)
at org.testng.Assert.assertEquals(Assert.java:655)
at org.example.stepDefinations.S06_homeSlidersStepDefinition.thePageOfTheProductWillOpenIphone(S06_homeSlidersStepDefinition.java:32)
at ✽.the page of the product will open (Iphone)(file:///D:/E-CommerceAutomationProject/src/main/resources/features/F06_homeSliders.feature:12)
]]>
    </failure>
  </testcase> <!-- runScenario -->
  <system-out/>
  <testcase classname="org.example.runners.TestRunner" name="runScenario" time="21.156"/>
  <system-out/>
  <testcase classname="org.example.runners.TestRunner" name="runScenario" time="17.472"/>
  <system-out/>
  <testcase classname="org.example.runners.TestRunner" name="runScenario" time="17.675"/>
  <system-out/>
  <testcase classname="org.example.runners.TestRunner" name="runScenario" time="13.417"/>
  <system-out/>
  <testcase classname="org.example.runners.TestRunner" name="runScenario" time="15.914">
    <error message="Index 1 out of bounds for length 1" type="java.lang.IndexOutOfBoundsException">
      <![CDATA[java.lang.IndexOutOfBoundsException: Index 1 out of bounds for length 1
at java.base/jdk.internal.util.Preconditions.outOfBounds(Preconditions.java:100)
at java.base/jdk.internal.util.Preconditions.outOfBoundsCheckIndex(Preconditions.java:106)
at java.base/jdk.internal.util.Preconditions.checkIndex(Preconditions.java:302)
at java.base/java.util.Objects.checkIndex(Objects.java:385)
at java.base/java.util.ArrayList.get(ArrayList.java:427)
at org.example.pages.P07_FollowUsPage.getWindowUrl(P07_FollowUsPage.java:22)
at org.example.stepDefinations.S07_followUsStepDefinition.userIsRedirectedToANewRSSIcon(S07_followUsStepDefinition.java:46)
at ✽.user is redirected to a new RSS icon(file:///D:/E-CommerceAutomationProject/src/main/resources/features/F07_followUs.feature:18)
]]>
    </error>
  </testcase> <!-- runScenario -->
  <system-out/>
  <testcase classname="org.example.runners.TestRunner" name="runScenario" time="35.310"/>
  <system-out/>
  <testcase classname="org.example.runners.TestRunner" name="runScenario" time="28.077"/>
  <system-out/>
  <testcase classname="org.example.runners.TestRunner" name="runScenario" time="21.309"/>
  <system-out/>
  <testcase classname="org.example.runners.TestRunner" name="runScenario" time="16.729"/>
  <system-out/>
  <testcase classname="org.example.runners.TestRunner" name="runScenario" time="16.448"/>
  <system-out/>
</testsuite> <!-- org.example.runners.TestRunner -->
